<?xml version="1.0" encoding="UTF-8"?>
<testsuite xmlns:xsi="http://www.w3.org/2001/XMLSchema-instance" xsi:noNamespaceSchemaLocation="https://maven.apache.org/surefire/maven-surefire-plugin/xsd/surefire-test-report-3.0.xsd" version="3.0" name="vedruna.webClient.WebClientApplicationTests" time="3.06" tests="1" errors="0" skipped="0" failures="0">
  <properties>
[...]
</properties>
  <testcase name="contextLoads" classname="vedruna.webClient.WebClientApplicationTests" time="0.683">
    <system-out><![CDATA[18:56:33.289 [main] INFO org.springframework.test.context.support.AnnotationConfigContextLoaderUtils -- Could not detect default configuration classes for test class [vedruna.webClient.WebClientApplicationTests]: WebClientApplicationTests does not declare any static, non-private, non-final, nested classes annotated with @Configuration.
18:56:33.386 [main] INFO org.springframework.boot.test.context.SpringBootTestContextBootstrapper -- Found @SpringBootConfiguration vedruna.webClient.WebClientApplication for test class vedruna.webClient.WebClientApplicationTests
18:56:33.551 [main] INFO org.springframework.boot.devtools.restart.RestartApplicationListener -- Restart disabled due to context in which it is running

  .   ____          _            __ _ _
 /\\ / ___'_ __ _ _(_)_ __  __ _ \ \ \ \
( ( )\___ | '_ | '_| | '_ \/ _` | \ \ \ \
 \\/  ___)| |_)| | | | | || (_| |  ) ) ) )
  '  |____| .__|_| |_|_| |_\__, | / / / /
 =========|_|==============|___/=/_/_/_/
 :: Spring Boot ::                (v3.2.1)

2024-03-02T18:56:33.782+01:00  INFO 21372 --- [           main] v.webClient.WebClientApplicationTests    : Starting WebClientApplicationTests using Java 21.0.1 with PID 21372 (started by marce in C:\GitProyects\CoreService)
2024-03-02T18:56:33.784+01:00  INFO 21372 --- [           main] v.webClient.WebClientApplicationTests    : No active profile set, falling back to 1 default profile: "default"
2024-03-02T18:56:33.813+01:00 DEBUG 21372 --- [           main] o.s.w.c.s.GenericWebApplicationContext   : Refreshing org.springframework.web.context.support.GenericWebApplicationContext@3dddbe65
2024-03-02T18:56:35.183+01:00 DEBUG 21372 --- [           main] s.w.s.m.m.a.RequestMappingHandlerMapping : 28 mappings in 'requestMappingHandlerMapping'
2024-03-02T18:56:35.218+01:00 DEBUG 21372 --- [           main] o.s.w.s.handler.SimpleUrlHandlerMapping  : Patterns [/webjars/**, /**, /swagger-ui*/*swagger-initializer.js, /swagger-ui*/**] in 'resourceHandlerMapping'
2024-03-02T18:56:35.318+01:00 DEBUG 21372 --- [           main] s.w.s.m.m.a.RequestMappingHandlerAdapter : ControllerAdvice beans: 0 @ModelAttribute, 0 @InitBinder, 1 RequestBodyAdvice, 1 ResponseBodyAdvice
2024-03-02T18:56:35.357+01:00 DEBUG 21372 --- [           main] .m.m.a.ExceptionHandlerExceptionResolver : ControllerAdvice beans: 1 @ExceptionHandler, 1 ResponseBodyAdvice
2024-03-02T18:56:35.482+01:00  INFO 21372 --- [           main] v.webClient.WebClientApplicationTests    : Started WebClientApplicationTests in 1.948 seconds (process running for 2.82)
]]></system-out>
    <system-err><![CDATA[WARNING: A Java agent has been loaded dynamically (C:\Users\marce\.m2\repository\net\bytebuddy\byte-buddy-agent\1.14.10\byte-buddy-agent-1.14.10.jar)
WARNING: If a serviceability tool is in use, please run with -XX:+EnableDynamicAgentLoading to hide this warning
WARNING: If a serviceability tool is not in use, please run with -Djdk.instrument.traceUsage for more information
WARNING: Dynamic loading of agents will be disallowed by default in a future release
]]></system-err>
  </testcase>
</testsuite>